<?xml version="1.0" encoding="UTF-8"?>
<testsuite xmlns:xsi="http://www.w3.org/2001/XMLSchema-instance" xsi:noNamespaceSchemaLocation="https://maven.apache.org/surefire/maven-surefire-plugin/xsd/surefire-test-report-3.0.xsd" version="3.0" name="apptest.TestApp" time="8.115" tests="1" errors="0" skipped="0" failures="0">
  <properties>
    <property name="java.specification.version" value="21"/>
    <property name="webdriver.chrome.driver" value="C:\Users\vinod\eclipse-workspace\Assignment1\Driver\chromedriver.exe"/>
    <property name="sun.cpu.isalist" value="amd64"/>
    <property name="sun.jnu.encoding" value="Cp1252"/>
    <property name="java.class.path" value="C:\Users\vinod\eclipse-workspace\Task6\target\test-classes;C:\Users\vinod\eclipse-workspace\Task6\target\classes;C:\Users\vinod\.m2\repository\junit\junit\3.8.1\junit-3.8.1.jar;C:\Users\vinod\.m2\repository\org\seleniumhq\selenium\selenium-java\3.141.5\selenium-java-3.141.5.jar;C:\Users\vinod\.m2\repository\org\seleniumhq\selenium\selenium-api\3.141.5\selenium-api-3.141.5.jar;C:\Users\vinod\.m2\repository\org\seleniumhq\selenium\selenium-chrome-driver\3.141.5\selenium-chrome-driver-3.141.5.jar;C:\Users\vinod\.m2\repository\org\seleniumhq\selenium\selenium-edge-driver\3.141.5\selenium-edge-driver-3.141.5.jar;C:\Users\vinod\.m2\repository\org\seleniumhq\selenium\selenium-firefox-driver\3.141.5\selenium-firefox-driver-3.141.5.jar;C:\Users\vinod\.m2\repository\org\seleniumhq\selenium\selenium-ie-driver\3.141.5\selenium-ie-driver-3.141.5.jar;C:\Users\vinod\.m2\repository\org\seleniumhq\selenium\selenium-opera-driver\3.141.5\selenium-opera-driver-3.141.5.jar;C:\Users\vinod\.m2\repository\org\seleniumhq\selenium\selenium-remote-driver\3.141.5\selenium-remote-driver-3.141.5.jar;C:\Users\vinod\.m2\repository\org\seleniumhq\selenium\selenium-safari-driver\3.141.5\selenium-safari-driver-3.141.5.jar;C:\Users\vinod\.m2\repository\org\seleniumhq\selenium\selenium-support\3.141.5\selenium-support-3.141.5.jar;C:\Users\vinod\.m2\repository\net\bytebuddy\byte-buddy\1.8.15\byte-buddy-1.8.15.jar;C:\Users\vinod\.m2\repository\org\apache\commons\commons-exec\1.3\commons-exec-1.3.jar;C:\Users\vinod\.m2\repository\com\google\guava\guava\25.0-jre\guava-25.0-jre.jar;C:\Users\vinod\.m2\repository\com\google\code\findbugs\jsr305\1.3.9\jsr305-1.3.9.jar;C:\Users\vinod\.m2\repository\org\checkerframework\checker-compat-qual\2.0.0\checker-compat-qual-2.0.0.jar;C:\Users\vinod\.m2\repository\com\google\errorprone\error_prone_annotations\2.1.3\error_prone_annotations-2.1.3.jar;C:\Users\vinod\.m2\repository\com\google\j2objc\j2objc-annotations\1.1\j2objc-annotations-1.1.jar;C:\Users\vinod\.m2\repository\org\codehaus\mojo\animal-sniffer-annotations\1.14\animal-sniffer-annotations-1.14.jar;C:\Users\vinod\.m2\repository\com\squareup\okhttp3\okhttp\3.11.0\okhttp-3.11.0.jar;C:\Users\vinod\.m2\repository\com\squareup\okio\okio\1.14.0\okio-1.14.0.jar;C:\Users\vinod\.m2\repository\org\testng\testng\7.9.0\testng-7.9.0.jar;C:\Users\vinod\.m2\repository\org\slf4j\slf4j-api\1.7.36\slf4j-api-1.7.36.jar;C:\Users\vinod\.m2\repository\com\beust\jcommander\1.82\jcommander-1.82.jar;C:\Users\vinod\.m2\repository\org\webjars\jquery\3.7.1\jquery-3.7.1.jar;"/>
    <property name="java.vm.vendor" value="Oracle Corporation"/>
    <property name="sun.arch.data.model" value="64"/>
    <property name="user.variant" value=""/>
    <property name="java.vendor.url" value="https://java.oracle.com/"/>
    <property name="user.timezone" value="Asia/Calcutta"/>
    <property name="os.name" value="Windows 11"/>
    <property name="java.vm.specification.version" value="21"/>
    <property name="sun.java.launcher" value="SUN_STANDARD"/>
    <property name="user.country" value="IN"/>
    <property name="sun.boot.library.path" value="C:\Program Files\Java\jdk-21\bin"/>
    <property name="sun.java.command" value="C:\Users\vinod\AppData\Local\Temp\surefire13886462904995292586\surefirebooter-20240328204443114_3.jar C:\Users\vinod\AppData\Local\Temp\surefire13886462904995292586 2024-03-28T20-44-42_319-jvmRun1 surefire-20240328204443114_1tmp surefire_0-20240328204443114_2tmp"/>
    <property name="jdk.debug" value="release"/>
    <property name="surefire.test.class.path" value="C:\Users\vinod\eclipse-workspace\Task6\target\test-classes;C:\Users\vinod\eclipse-workspace\Task6\target\classes;C:\Users\vinod\.m2\repository\junit\junit\3.8.1\junit-3.8.1.jar;C:\Users\vinod\.m2\repository\org\seleniumhq\selenium\selenium-java\3.141.5\selenium-java-3.141.5.jar;C:\Users\vinod\.m2\repository\org\seleniumhq\selenium\selenium-api\3.141.5\selenium-api-3.141.5.jar;C:\Users\vinod\.m2\repository\org\seleniumhq\selenium\selenium-chrome-driver\3.141.5\selenium-chrome-driver-3.141.5.jar;C:\Users\vinod\.m2\repository\org\seleniumhq\selenium\selenium-edge-driver\3.141.5\selenium-edge-driver-3.141.5.jar;C:\Users\vinod\.m2\repository\org\seleniumhq\selenium\selenium-firefox-driver\3.141.5\selenium-firefox-driver-3.141.5.jar;C:\Users\vinod\.m2\repository\org\seleniumhq\selenium\selenium-ie-driver\3.141.5\selenium-ie-driver-3.141.5.jar;C:\Users\vinod\.m2\repository\org\seleniumhq\selenium\selenium-opera-driver\3.141.5\selenium-opera-driver-3.141.5.jar;C:\Users\vinod\.m2\repository\org\seleniumhq\selenium\selenium-remote-driver\3.141.5\selenium-remote-driver-3.141.5.jar;C:\Users\vinod\.m2\repository\org\seleniumhq\selenium\selenium-safari-driver\3.141.5\selenium-safari-driver-3.141.5.jar;C:\Users\vinod\.m2\repository\org\seleniumhq\selenium\selenium-support\3.141.5\selenium-support-3.141.5.jar;C:\Users\vinod\.m2\repository\net\bytebuddy\byte-buddy\1.8.15\byte-buddy-1.8.15.jar;C:\Users\vinod\.m2\repository\org\apache\commons\commons-exec\1.3\commons-exec-1.3.jar;C:\Users\vinod\.m2\repository\com\google\guava\guava\25.0-jre\guava-25.0-jre.jar;C:\Users\vinod\.m2\repository\com\google\code\findbugs\jsr305\1.3.9\jsr305-1.3.9.jar;C:\Users\vinod\.m2\repository\org\checkerframework\checker-compat-qual\2.0.0\checker-compat-qual-2.0.0.jar;C:\Users\vinod\.m2\repository\com\google\errorprone\error_prone_annotations\2.1.3\error_prone_annotations-2.1.3.jar;C:\Users\vinod\.m2\repository\com\google\j2objc\j2objc-annotations\1.1\j2objc-annotations-1.1.jar;C:\Users\vinod\.m2\repository\org\codehaus\mojo\animal-sniffer-annotations\1.14\animal-sniffer-annotations-1.14.jar;C:\Users\vinod\.m2\repository\com\squareup\okhttp3\okhttp\3.11.0\okhttp-3.11.0.jar;C:\Users\vinod\.m2\repository\com\squareup\okio\okio\1.14.0\okio-1.14.0.jar;C:\Users\vinod\.m2\repository\org\testng\testng\7.9.0\testng-7.9.0.jar;C:\Users\vinod\.m2\repository\org\slf4j\slf4j-api\1.7.36\slf4j-api-1.7.36.jar;C:\Users\vinod\.m2\repository\com\beust\jcommander\1.82\jcommander-1.82.jar;C:\Users\vinod\.m2\repository\org\webjars\jquery\3.7.1\jquery-3.7.1.jar;"/>
    <property name="sun.cpu.endian" value="little"/>
    <property name="user.home" value="C:\Users\vinod"/>
    <property name="user.language" value="en"/>
    <property name="java.specification.vendor" value="Oracle Corporation"/>
    <property name="java.version.date" value="2024-01-16"/>
    <property name="java.home" value="C:\Program Files\Java\jdk-21"/>
    <property name="file.separator" value="\"/>
    <property name="basedir" value="C:\Users\vinod\eclipse-workspace\Task6"/>
    <property name="style.color" value="always"/>
    <property name="java.vm.compressedOopsMode" value="Zero based"/>
    <property name="line.separator" value="&#10;"/>
    <property name="java.vm.specification.vendor" value="Oracle Corporation"/>
    <property name="java.specification.name" value="Java Platform API Specification"/>
    <property name="surefire.real.class.path" value="C:\Users\vinod\AppData\Local\Temp\surefire13886462904995292586\surefirebooter-20240328204443114_3.jar"/>
    <property name="user.script" value=""/>
    <property name="sun.management.compiler" value="HotSpot 64-Bit Tiered Compilers"/>
    <property name="java.runtime.version" value="21.0.2+13-LTS-58"/>
    <property name="user.name" value="vinod"/>
    <property name="stdout.encoding" value="Cp1252"/>
    <property name="path.separator" value=";"/>
    <property name="os.version" value="10.0"/>
    <property name="java.runtime.name" value="Java(TM) SE Runtime Environment"/>
    <property name="file.encoding" value="UTF-8"/>
    <property name="java.vm.name" value="Java HotSpot(TM) 64-Bit Server VM"/>
    <property name="localRepository" value="C:\Users\vinod\.m2\repository"/>
    <property name="java.vendor.url.bug" value="https://bugreport.java.com/bugreport/"/>
    <property name="java.io.tmpdir" value="C:\Users\vinod\AppData\Local\Temp\"/>
    <property name="java.version" value="21.0.2"/>
    <property name="user.dir" value="C:\Users\vinod\eclipse-workspace\Task6"/>
    <property name="os.arch" value="amd64"/>
    <property name="java.vm.specification.name" value="Java Virtual Machine Specification"/>
    <property name="sun.os.patch.level" value=""/>
    <property name="native.encoding" value="Cp1252"/>
    <property name="java.library.path" value="C:\Program Files\Java\jdk-21\bin;C:\windows\Sun\Java\bin;C:\windows\system32;C:\windows;C:\Program Files\Common Files\Oracle\Java\javapath;C:\windows\system32;C:\windows;C:\windows\System32\Wbem;C:\windows\System32\WindowsPowerShell\v1.0\;C:\windows\System32\OpenSSH\;C:\Program Files\terraform;C:\Program Files\Amazon\AWSCLIV2\;C:\Program Files\Amazon\AWSCLIV2;C:\Program Files\Java\jdk-21\bin;C:\Program Files\nodejs\;C:\Program Files\Git\cmd;C:\Apache24;C:\Program Files\MySQL\MySQL Server 8.0\bin;C:\Program Files (x86)\Microsoft SQL Server\160\DTS\Binn\;%ANDROID_HOME%\platform-tools;%ANDROID_HOME%\tools;%ANDROID_HOME%\tools\bin;C:\Users\vinod\AppData\Local\Android\Sdk;C:\Users\vinod\AppData\Local\Android\Sdk\platform-tools;;C:\Program Files\HP\HP One Agent;C:\Program Files\MySQL\MySQL Shell 8.0\bin\;C:\Users\vinod\AppData\Local\Microsoft\WindowsApps;C:\Users\vinod\AppData\Local\Programs\Microsoft VS Code\bin;C:\Program Files\terraform;C:\Program Files\Amazon\AWSCLIV2;C:\Program Files\Java\jdk-21\bin;C:\Users\vinod\AppData\Roaming\npm;C:\Program Files\JetBrains\IntelliJ IDEA Community Edition 2023.3.4\bin;;C:\Apache24\bin;C:\Program Files\MySQL\MySQL Server 8.0\bin;;."/>
    <property name="java.vm.info" value="mixed mode, sharing"/>
    <property name="stderr.encoding" value="Cp1252"/>
    <property name="java.vendor" value="Oracle Corporation"/>
    <property name="java.vm.version" value="21.0.2+13-LTS-58"/>
    <property name="sun.io.unicode.encoding" value="UnicodeLittle"/>
    <property name="java.class.version" value="65.0"/>
  </properties>
  <testcase name="Main" classname="apptest.TestApp" time="7.544">
    <system-err><![CDATA[SLF4J: Failed to load class "org.slf4j.impl.StaticLoggerBinder".
SLF4J: Defaulting to no-operation (NOP) logger implementation
SLF4J: See http://www.slf4j.org/codes.html#StaticLoggerBinder for further details.
Starting ChromeDriver 122.0.6261.111 (9d4c1072da62b411b351a38b9ed6214ab236aa7b-refs/branch-heads/6261@{#1015}) on port 41998
Only local connections are allowed.
Please see https://chromedriver.chromium.org/security-considerations for suggestions on keeping ChromeDriver safe.
ChromeDriver was started successfully.
[1711638885.294][WARNING]: This version of ChromeDriver has not been tested with Chrome version 123.
Mar 28, 2024 8:44:45 PM org.openqa.selenium.remote.ProtocolHandshake createSession
INFO: Detected dialect: W3C
]]></system-err>
  </testcase>
</testsuite>