<?xml version="1.0" encoding="UTF-8"?>
<!-- Generated by org.testng.reporters.JUnitReportReporter -->
<testsuite hostname="Hp" failures="0" tests="1" name="apptest.TestApp" time="5.263" errors="0" timestamp="2024-03-28T19:31:00 IST" skipped="0">
  <testcase classname="apptest.TestApp" name="Main" time="5.263"/>
</testsuite> <!-- apptest.TestApp -->
