<?xml version="1.0" encoding="UTF-8"?>
<!-- Generated by org.testng.reporters.JUnitReportReporter -->
<testsuite hostname="Hp" failures="0" tests="1" name="apptest.TestApp" time="7.547" errors="0" timestamp="2024-03-28T20:44:51 IST" skipped="0">
  <testcase classname="apptest.TestApp" name="Main" time="7.547"/>
</testsuite> <!-- apptest.TestApp -->
